<?xml version="1.0" encoding="UTF-8"?>
<!-- Generated by org.testng.reporters.JUnitReportReporter -->
<testsuite hostname="DESKTOP-8PJ8JRC" failures="0" tests="1" name="test.ActiTimeInvalidLogin" time="58.117" errors="0" timestamp="2021-07-06T08:57:28 IST" skipped="0">
  <testcase classname="test.ActiTimeInvalidLogin" name="invalidLoginActiTimeTest" time="58.117"/>
  <system-out/>
</testsuite> <!-- test.ActiTimeInvalidLogin -->
